<?xml version="1.0" encoding="UTF-8"?>
<testsuite xmlns:xsi="http://www.w3.org/2001/XMLSchema-instance" xsi:noNamespaceSchemaLocation="https://maven.apache.org/surefire/maven-surefire-plugin/xsd/surefire-test-report-3.0.xsd" version="3.0" name="runner.TestRunner" time="32.993" tests="4" errors="4" skipped="0" failures="0">
  <properties>
[...]
</properties>
  <testcase name="Flujo de compra con registro de usuario" classname="Main Feature" time="8.216">
    <error message="no such window: target window already closed&#10;from unknown error: web view not found&#10;  (Session info: MicrosoftEdge=136.0.3240.92)&#10;Build info: version: &apos;4.20.0&apos;, revision: &apos;866c76ca80&apos;&#10;System info: os.name: &apos;Windows 11&apos;, os.arch: &apos;amd64&apos;, os.version: &apos;10.0&apos;, java.version: &apos;17.0.13&apos;&#10;Driver info: org.openqa.selenium.edge.EdgeDriver&#10;Command: [529d58a81e075b8a512bb57edddf7c52, screenshot {}]&#10;Capabilities {acceptInsecureCerts: false, browserName: MicrosoftEdge, browserVersion: 136.0.3240.92, fedcm:accounts: true, ms:edgeOptions: {debuggerAddress: localhost:65511}, msedge: {msedgedriverVersion: 136.0.3240.92 (a30c59ee983a..., userDataDir: C:\Users\metal\AppData\Loca...}, networkConnectionEnabled: false, pageLoadStrategy: normal, platformName: windows, proxy: Proxy(), se:cdp: ws://localhost:65511/devtoo..., se:cdpVersion: 136.0.3240.92, setWindowRect: true, strictFileInteractability: false, timeouts: {implicit: 0, pageLoad: 300000, script: 30000}, unhandledPromptBehavior: dismiss and notify, webauthn:extension:credBlob: true, webauthn:extension:largeBlob: true, webauthn:extension:minPinLength: true, webauthn:extension:prf: true, webauthn:virtualAuthenticators: true}&#10;Session ID: 529d58a81e075b8a512bb57edddf7c52" type="org.openqa.selenium.NoSuchWindowException"><![CDATA[org.openqa.selenium.NoSuchWindowException: 
no such window: target window already closed
from unknown error: web view not found
  (Session info: MicrosoftEdge=136.0.3240.92)
Build info: version: '4.20.0', revision: '866c76ca80'
System info: os.name: 'Windows 11', os.arch: 'amd64', os.version: '10.0', java.version: '17.0.13'
Driver info: org.openqa.selenium.edge.EdgeDriver
Command: [529d58a81e075b8a512bb57edddf7c52, screenshot {}]
Capabilities {acceptInsecureCerts: false, browserName: MicrosoftEdge, browserVersion: 136.0.3240.92, fedcm:accounts: true, ms:edgeOptions: {debuggerAddress: localhost:65511}, msedge: {msedgedriverVersion: 136.0.3240.92 (a30c59ee983a..., userDataDir: C:\Users\metal\AppData\Loca...}, networkConnectionEnabled: false, pageLoadStrategy: normal, platformName: windows, proxy: Proxy(), se:cdp: ws://localhost:65511/devtoo..., se:cdpVersion: 136.0.3240.92, setWindowRect: true, strictFileInteractability: false, timeouts: {implicit: 0, pageLoad: 300000, script: 30000}, unhandledPromptBehavior: dismiss and notify, webauthn:extension:credBlob: true, webauthn:extension:largeBlob: true, webauthn:extension:minPinLength: true, webauthn:extension:prf: true, webauthn:virtualAuthenticators: true}
Session ID: 529d58a81e075b8a512bb57edddf7c52
	at java.base/jdk.internal.reflect.NativeConstructorAccessorImpl.newInstance0(Native Method)
	at java.base/jdk.internal.reflect.NativeConstructorAccessorImpl.newInstance(NativeConstructorAccessorImpl.java:77)
	at java.base/jdk.internal.reflect.DelegatingConstructorAccessorImpl.newInstance(DelegatingConstructorAccessorImpl.java:45)
	at java.base/java.lang.reflect.Constructor.newInstanceWithCaller(Constructor.java:500)
	at java.base/java.lang.reflect.Constructor.newInstance(Constructor.java:481)
	at org.openqa.selenium.remote.ErrorCodec.decode(ErrorCodec.java:167)
	at org.openqa.selenium.remote.codec.w3c.W3CHttpResponseCodec.decode(W3CHttpResponseCodec.java:138)
	at org.openqa.selenium.remote.codec.w3c.W3CHttpResponseCodec.decode(W3CHttpResponseCodec.java:50)
	at org.openqa.selenium.remote.HttpCommandExecutor.execute(HttpCommandExecutor.java:190)
	at org.openqa.selenium.remote.service.DriverCommandExecutor.invokeExecute(DriverCommandExecutor.java:216)
	at org.openqa.selenium.remote.service.DriverCommandExecutor.execute(DriverCommandExecutor.java:174)
	at org.openqa.selenium.remote.RemoteWebDriver.execute(RemoteWebDriver.java:518)
	at org.openqa.selenium.remote.RemoteWebDriver.execute(RemoteWebDriver.java:591)
	at org.openqa.selenium.remote.RemoteWebDriver.execute(RemoteWebDriver.java:595)
	at org.openqa.selenium.remote.RemoteWebDriver.getScreenshotAs(RemoteWebDriver.java:321)
	at utils.ScreenshotUtil.takeScreenshot(ScreenshotUtil.java:16)
	at steps.MainSteps.afterStep(MainSteps.java:68)
]]></error>
    <system-out><![CDATA[
@Full
Scenario: Flujo de compra con registro de usuario                               &amp#27;[90m# src/test/resources/features/Main.feature:4&amp#27;[0m
  &amp#27;[32mGiven &amp#27;[0m&amp#27;[32mentro a la url de la tienda&amp#27;[0m                                             &amp#27;[90m# steps.MainSteps.entroAlaUrlDeGoogle()&amp#27;[0m
      &amp#27;[31morg.openqa.selenium.NoSuchWindowException: no such window: target window already closed
from unknown error: web view not found
  (Session info: MicrosoftEdge=136.0.3240.92)
Build info: version: '4.20.0', revision: '866c76ca80'
System info: os.name: 'Windows 11', os.arch: 'amd64', os.version: '10.0', java.version: '17.0.13'
Driver info: org.openqa.selenium.edge.EdgeDriver
Command: [529d58a81e075b8a512bb57edddf7c52, screenshot {}]
Capabilities {acceptInsecureCerts: false, browserName: MicrosoftEdge, browserVersion: 136.0.3240.92, fedcm:accounts: true, ms:edgeOptions: {debuggerAddress: localhost:65511}, msedge: {msedgedriverVersion: 136.0.3240.92 (a30c59ee983a..., userDataDir: C:\Users\metal\AppData\Loca...}, networkConnectionEnabled: false, pageLoadStrategy: normal, platformName: windows, proxy: Proxy(), se:cdp: ws://localhost:65511/devtoo..., se:cdpVersion: 136.0.3240.92, setWindowRect: true, strictFileInteractability: false, timeouts: {implicit: 0, pageLoad: 300000, script: 30000}, unhandledPromptBehavior: dismiss and notify, webauthn:extension:credBlob: true, webauthn:extension:largeBlob: true, webauthn:extension:minPinLength: true, webauthn:extension:prf: true, webauthn:virtualAuthenticators: true}
Session ID: 529d58a81e075b8a512bb57edddf7c52
	at java.base/jdk.internal.reflect.NativeConstructorAccessorImpl.newInstance0(Native Method)
	at java.base/jdk.internal.reflect.NativeConstructorAccessorImpl.newInstance(NativeConstructorAccessorImpl.java:77)
	at java.base/jdk.internal.reflect.DelegatingConstructorAccessorImpl.newInstance(DelegatingConstructorAccessorImpl.java:45)
	at java.base/java.lang.reflect.Constructor.newInstanceWithCaller(Constructor.java:500)
	at java.base/java.lang.reflect.Constructor.newInstance(Constructor.java:481)
	at org.openqa.selenium.remote.ErrorCodec.decode(ErrorCodec.java:167)
	at org.openqa.selenium.remote.codec.w3c.W3CHttpResponseCodec.decode(W3CHttpResponseCodec.java:138)
	at org.openqa.selenium.remote.codec.w3c.W3CHttpResponseCodec.decode(W3CHttpResponseCodec.java:50)
	at org.openqa.selenium.remote.HttpCommandExecutor.execute(HttpCommandExecutor.java:190)
	at org.openqa.selenium.remote.service.DriverCommandExecutor.invokeExecute(DriverCommandExecutor.java:216)
	at org.openqa.selenium.remote.service.DriverCommandExecutor.execute(DriverCommandExecutor.java:174)
	at org.openqa.selenium.remote.RemoteWebDriver.execute(RemoteWebDriver.java:518)
	at org.openqa.selenium.remote.RemoteWebDriver.execute(RemoteWebDriver.java:591)
	at org.openqa.selenium.remote.RemoteWebDriver.execute(RemoteWebDriver.java:595)
	at org.openqa.selenium.remote.RemoteWebDriver.getScreenshotAs(RemoteWebDriver.java:321)
	at utils.ScreenshotUtil.takeScreenshot(ScreenshotUtil.java:16)
	at steps.MainSteps.afterStep(MainSteps.java:68)
&amp#27;[0m
  &amp#27;[36mWhen &amp#27;[0m&amp#27;[36mbusco el producto &amp#27;[0m&amp#27;[36m&amp#27;[1m"iPod Classic"&amp#27;[0m&amp#27;[36m y lo agrego al carrito&amp#27;[0m                  &amp#27;[90m# steps.MainSteps.buscoElProductoYLoAgregoAlCarrito(java.lang.String)&amp#27;[0m
  &amp#27;[36mWhen &amp#27;[0m&amp#27;[36mbusco el producto &amp#27;[0m&amp#27;[36m&amp#27;[1m"iMac"&amp#27;[0m&amp#27;[36m y lo agrego al carrito&amp#27;[0m                          &amp#27;[90m# steps.MainSteps.buscoElProductoYLoAgregoAlCarrito(java.lang.String)&amp#27;[0m
  &amp#27;[36mAnd &amp#27;[0m&amp#27;[36mverifico que el carrito tenga &amp#27;[0m&amp#27;[36m&amp#27;[1m"ipod classic"&amp#27;[0m&amp#27;[36m y &amp#27;[0m&amp#27;[36m&amp#27;[1m"iMac"&amp#27;[0m                     &amp#27;[90m# steps.MainSteps.verificoQueElCarritoTenga(java.lang.String,java.lang.String)&amp#27;[0m
  &amp#27;[36mThen &amp#27;[0m&amp#27;[36mprocedo al checkout&amp#27;[0m                                                      &amp#27;[90m# steps.MainSteps.procedoAlCheckout()&amp#27;[0m
  &amp#27;[36mThen &amp#27;[0m&amp#27;[36mselecciono la opcion de registarme como usuario&amp#27;[0m                          &amp#27;[90m# steps.MainSteps.seleccionoLaOpcionDeRegistrarmeComoUsuario()&amp#27;[0m
  &amp#27;[36mAnd &amp#27;[0m&amp#27;[36mme registro como usuario con los siguientes datos:&amp#27;[0m                        &amp#27;[90m# steps.MainSteps.meRegistroComoUsuarioConLosSiguientesDatos(io.cucumber.datatable.DataTable)&amp#27;[0m
    | Nombre | Apellido | Email                       | Telefono  | Direccion       | Ciudad   | CodigoPostal | Pais  | Region               |
    | Juan   | Perez    | previredPrueba157@gmail.com | 123456789 | Calle Falsa 123 | Santiago | 12345        | Chile | Region Metropolitana |
  &amp#27;[36mAnd &amp#27;[0m&amp#27;[36mingreso mi contrasena y la confirmo &amp#27;[0m&amp#27;[36m&amp#27;[1m"contrasena123"&amp#27;[0m                       &amp#27;[90m# steps.MainSteps.ingresoMiContrasenaYLaConfirmo(java.lang.String)&amp#27;[0m
  &amp#27;[36mThen &amp#27;[0m&amp#27;[36macepto los terminos y condiciones&amp#27;[0m                                        &amp#27;[90m# steps.MainSteps.aceptoLosTerminosYCondiciones()&amp#27;[0m
  &amp#27;[36mThen &amp#27;[0m&amp#27;[36mconfirmo el registro&amp#27;[0m                                                     &amp#27;[90m# steps.MainSteps.confirmoElRegistro()&amp#27;[0m
  &amp#27;[36mThen &amp#27;[0m&amp#27;[36mcontinuo con los datos de despacho ingresados en cuenta&amp#27;[0m                  &amp#27;[90m# steps.MainSteps.continuoConLosDatosDeDespachoIngresadosEnCuenta()&amp#27;[0m
  &amp#27;[36mAnd &amp#27;[0m&amp#27;[36mvalido que el despacho y costo sea Flat Shipping Rate - $5.00 y continuo&amp#27;[0m  &amp#27;[90m# steps.MainSteps.validoQueElDespachoYCostoSea()&amp#27;[0m
  &amp#27;[36mThen &amp#27;[0m&amp#27;[36macepto los terminos y condiciones de compra y continuo a confirmar orden&amp#27;[0m &amp#27;[90m# steps.MainSteps.aceptoLosTerminosYCondicionesDeCompraYContinuoAConfirmarOrden()&amp#27;[0m
  &amp#27;[36mAnd &amp#27;[0m&amp#27;[36mconfirmo la orden de compra&amp#27;[0m                                               &amp#27;[90m# steps.MainSteps.confirmoLaOrdenDeCompra()&amp#27;[0m
  &amp#27;[36mThen &amp#27;[0m&amp#27;[36mvalido que el mensaje de confirmacion sea Your order has been placed!&amp#27;[0m    &amp#27;[90m# steps.MainSteps.validoQueElMensajeDeConfirmacionSea()&amp#27;[0m
  &amp#27;[36mAnd &amp#27;[0m&amp#27;[36mvoy al apartado de My Account y entro en Order History&amp#27;[0m                    &amp#27;[90m# steps.MainSteps.voyAlApartadoDeMyAccountYEntroEnOrderHistory()&amp#27;[0m
  &amp#27;[36mThen &amp#27;[0m&amp#27;[36mvalido que el pedido este en estado Pending&amp#27;[0m                              &amp#27;[90m# steps.MainSteps.validoQueElPedidoEsteEnEstado()&amp#27;[0m
  &amp#27;[36mAnd &amp#27;[0m&amp#27;[36mvalido los datos de pago vs los ingresados en mi cuenta&amp#27;[0m                   &amp#27;[90m# steps.MainSteps.validoLosDatosDePagoVsLosIngresadosEnMiCuenta()&amp#27;[0m
  &amp#27;[36mThen &amp#27;[0m&amp#27;[36mcierro la sesion&amp#27;[0m                                                         &amp#27;[90m# steps.MainSteps.cierroLaSesion()&amp#27;[0m
]]></system-out>
    <system-err><![CDATA[may. 27, 2025 10:24:26 P. M. io.cucumber.core.options.CucumberPropertiesParser lambda$warnWhenCucumberOptionsIsUsed$2
ADVERTENCIA: Passing commandline options via the property 'cucumber.options' is no longer supported. Please use individual properties instead. See the java doc on io.cucumber.core.options.Constants for details.
may. 27, 2025 10:24:30 P. M. org.openqa.selenium.devtools.CdpVersionFinder findNearestMatch
ADVERTENCIA: Unable to find CDP implementation matching 136
may. 27, 2025 10:24:30 P. M. org.openqa.selenium.chromium.ChromiumDriver lambda$new$5
ADVERTENCIA: Unable to find version of CDP to use for 136.0.3240.92. You may need to include a dependency on a specific version of the CDP using something similar to `org.seleniumhq.selenium:selenium-devtools-v86:4.20.0` where the version ("v86") matches the version of the chromium-based browser you're using and the version number of the artifact is the same as Selenium's.
]]></system-err>
  </testcase>
  <testcase name="Flujo de compra con usuario registrado" classname="Main Feature" time="6.655">
    <error message="invalid session id: session deleted as the browser has closed the connection&#10;from disconnected: not connected to DevTools&#10;  (Session info: MicrosoftEdge=136.0.3240.92)&#10;Build info: version: &apos;4.20.0&apos;, revision: &apos;866c76ca80&apos;&#10;System info: os.name: &apos;Windows 11&apos;, os.arch: &apos;amd64&apos;, os.version: &apos;10.0&apos;, java.version: &apos;17.0.13&apos;&#10;Driver info: org.openqa.selenium.edge.EdgeDriver&#10;Command: [df4f75bf8b501ed906dad0c9127ee2f1, screenshot {}]&#10;Capabilities {acceptInsecureCerts: false, browserName: MicrosoftEdge, browserVersion: 136.0.3240.92, fedcm:accounts: true, ms:edgeOptions: {debuggerAddress: localhost:49164}, msedge: {msedgedriverVersion: 136.0.3240.92 (a30c59ee983a..., userDataDir: C:\Users\metal\AppData\Loca...}, networkConnectionEnabled: false, pageLoadStrategy: normal, platformName: windows, proxy: Proxy(), se:cdp: ws://localhost:49164/devtoo..., se:cdpVersion: 136.0.3240.92, setWindowRect: true, strictFileInteractability: false, timeouts: {implicit: 0, pageLoad: 300000, script: 30000}, unhandledPromptBehavior: dismiss and notify, webauthn:extension:credBlob: true, webauthn:extension:largeBlob: true, webauthn:extension:minPinLength: true, webauthn:extension:prf: true, webauthn:virtualAuthenticators: true}&#10;Session ID: df4f75bf8b501ed906dad0c9127ee2f1" type="org.openqa.selenium.NoSuchSessionException"><![CDATA[org.openqa.selenium.NoSuchSessionException: 
invalid session id: session deleted as the browser has closed the connection
from disconnected: not connected to DevTools
  (Session info: MicrosoftEdge=136.0.3240.92)
Build info: version: '4.20.0', revision: '866c76ca80'
System info: os.name: 'Windows 11', os.arch: 'amd64', os.version: '10.0', java.version: '17.0.13'
Driver info: org.openqa.selenium.edge.EdgeDriver
Command: [df4f75bf8b501ed906dad0c9127ee2f1, screenshot {}]
Capabilities {acceptInsecureCerts: false, browserName: MicrosoftEdge, browserVersion: 136.0.3240.92, fedcm:accounts: true, ms:edgeOptions: {debuggerAddress: localhost:49164}, msedge: {msedgedriverVersion: 136.0.3240.92 (a30c59ee983a..., userDataDir: C:\Users\metal\AppData\Loca...}, networkConnectionEnabled: false, pageLoadStrategy: normal, platformName: windows, proxy: Proxy(), se:cdp: ws://localhost:49164/devtoo..., se:cdpVersion: 136.0.3240.92, setWindowRect: true, strictFileInteractability: false, timeouts: {implicit: 0, pageLoad: 300000, script: 30000}, unhandledPromptBehavior: dismiss and notify, webauthn:extension:credBlob: true, webauthn:extension:largeBlob: true, webauthn:extension:minPinLength: true, webauthn:extension:prf: true, webauthn:virtualAuthenticators: true}
Session ID: df4f75bf8b501ed906dad0c9127ee2f1
	at java.base/jdk.internal.reflect.NativeConstructorAccessorImpl.newInstance0(Native Method)
	at java.base/jdk.internal.reflect.NativeConstructorAccessorImpl.newInstance(NativeConstructorAccessorImpl.java:77)
	at java.base/jdk.internal.reflect.DelegatingConstructorAccessorImpl.newInstance(DelegatingConstructorAccessorImpl.java:45)
	at java.base/java.lang.reflect.Constructor.newInstanceWithCaller(Constructor.java:500)
	at java.base/java.lang.reflect.Constructor.newInstance(Constructor.java:481)
	at org.openqa.selenium.remote.ErrorCodec.decode(ErrorCodec.java:167)
	at org.openqa.selenium.remote.codec.w3c.W3CHttpResponseCodec.decode(W3CHttpResponseCodec.java:138)
	at org.openqa.selenium.remote.codec.w3c.W3CHttpResponseCodec.decode(W3CHttpResponseCodec.java:50)
	at org.openqa.selenium.remote.HttpCommandExecutor.execute(HttpCommandExecutor.java:190)
	at org.openqa.selenium.remote.service.DriverCommandExecutor.invokeExecute(DriverCommandExecutor.java:216)
	at org.openqa.selenium.remote.service.DriverCommandExecutor.execute(DriverCommandExecutor.java:174)
	at org.openqa.selenium.remote.RemoteWebDriver.execute(RemoteWebDriver.java:518)
	at org.openqa.selenium.remote.RemoteWebDriver.execute(RemoteWebDriver.java:591)
	at org.openqa.selenium.remote.RemoteWebDriver.execute(RemoteWebDriver.java:595)
	at org.openqa.selenium.remote.RemoteWebDriver.getScreenshotAs(RemoteWebDriver.java:321)
	at utils.ScreenshotUtil.takeScreenshot(ScreenshotUtil.java:16)
	at steps.MainSteps.afterStep(MainSteps.java:68)
]]></error>
    <system-out><![CDATA[
@Full
Scenario: Flujo de compra con usuario registrado                                &amp#27;[90m# src/test/resources/features/Main.feature:27&amp#27;[0m
  &amp#27;[32mGiven &amp#27;[0m&amp#27;[32mentro a la url de la tienda&amp#27;[0m                                             &amp#27;[90m# steps.MainSteps.entroAlaUrlDeGoogle()&amp#27;[0m
      &amp#27;[31morg.openqa.selenium.NoSuchSessionException: invalid session id: session deleted as the browser has closed the connection
from disconnected: not connected to DevTools
  (Session info: MicrosoftEdge=136.0.3240.92)
Build info: version: '4.20.0', revision: '866c76ca80'
System info: os.name: 'Windows 11', os.arch: 'amd64', os.version: '10.0', java.version: '17.0.13'
Driver info: org.openqa.selenium.edge.EdgeDriver
Command: [df4f75bf8b501ed906dad0c9127ee2f1, screenshot {}]
Capabilities {acceptInsecureCerts: false, browserName: MicrosoftEdge, browserVersion: 136.0.3240.92, fedcm:accounts: true, ms:edgeOptions: {debuggerAddress: localhost:49164}, msedge: {msedgedriverVersion: 136.0.3240.92 (a30c59ee983a..., userDataDir: C:\Users\metal\AppData\Loca...}, networkConnectionEnabled: false, pageLoadStrategy: normal, platformName: windows, proxy: Proxy(), se:cdp: ws://localhost:49164/devtoo..., se:cdpVersion: 136.0.3240.92, setWindowRect: true, strictFileInteractability: false, timeouts: {implicit: 0, pageLoad: 300000, script: 30000}, unhandledPromptBehavior: dismiss and notify, webauthn:extension:credBlob: true, webauthn:extension:largeBlob: true, webauthn:extension:minPinLength: true, webauthn:extension:prf: true, webauthn:virtualAuthenticators: true}
Session ID: df4f75bf8b501ed906dad0c9127ee2f1
	at java.base/jdk.internal.reflect.NativeConstructorAccessorImpl.newInstance0(Native Method)
	at java.base/jdk.internal.reflect.NativeConstructorAccessorImpl.newInstance(NativeConstructorAccessorImpl.java:77)
	at java.base/jdk.internal.reflect.DelegatingConstructorAccessorImpl.newInstance(DelegatingConstructorAccessorImpl.java:45)
	at java.base/java.lang.reflect.Constructor.newInstanceWithCaller(Constructor.java:500)
	at java.base/java.lang.reflect.Constructor.newInstance(Constructor.java:481)
	at org.openqa.selenium.remote.ErrorCodec.decode(ErrorCodec.java:167)
	at org.openqa.selenium.remote.codec.w3c.W3CHttpResponseCodec.decode(W3CHttpResponseCodec.java:138)
	at org.openqa.selenium.remote.codec.w3c.W3CHttpResponseCodec.decode(W3CHttpResponseCodec.java:50)
	at org.openqa.selenium.remote.HttpCommandExecutor.execute(HttpCommandExecutor.java:190)
	at org.openqa.selenium.remote.service.DriverCommandExecutor.invokeExecute(DriverCommandExecutor.java:216)
	at org.openqa.selenium.remote.service.DriverCommandExecutor.execute(DriverCommandExecutor.java:174)
	at org.openqa.selenium.remote.RemoteWebDriver.execute(RemoteWebDriver.java:518)
	at org.openqa.selenium.remote.RemoteWebDriver.execute(RemoteWebDriver.java:591)
	at org.openqa.selenium.remote.RemoteWebDriver.execute(RemoteWebDriver.java:595)
	at org.openqa.selenium.remote.RemoteWebDriver.getScreenshotAs(RemoteWebDriver.java:321)
	at utils.ScreenshotUtil.takeScreenshot(ScreenshotUtil.java:16)
	at steps.MainSteps.afterStep(MainSteps.java:68)
&amp#27;[0m
  &amp#27;[36mWhen &amp#27;[0m&amp#27;[36mbusco el producto &amp#27;[0m&amp#27;[36m&amp#27;[1m"iPod Classic"&amp#27;[0m&amp#27;[36m y lo agrego al carrito&amp#27;[0m                  &amp#27;[90m# steps.MainSteps.buscoElProductoYLoAgregoAlCarrito(java.lang.String)&amp#27;[0m
  &amp#27;[36mWhen &amp#27;[0m&amp#27;[36mbusco el producto &amp#27;[0m&amp#27;[36m&amp#27;[1m"iMac"&amp#27;[0m&amp#27;[36m y lo agrego al carrito&amp#27;[0m                          &amp#27;[90m# steps.MainSteps.buscoElProductoYLoAgregoAlCarrito(java.lang.String)&amp#27;[0m
  &amp#27;[36mAnd &amp#27;[0m&amp#27;[36mverifico que el carrito tenga &amp#27;[0m&amp#27;[36m&amp#27;[1m"ipod classic"&amp#27;[0m&amp#27;[36m y &amp#27;[0m&amp#27;[36m&amp#27;[1m"iMac"&amp#27;[0m                     &amp#27;[90m# steps.MainSteps.verificoQueElCarritoTenga(java.lang.String,java.lang.String)&amp#27;[0m
  &amp#27;[36mThen &amp#27;[0m&amp#27;[36mprocedo al checkout&amp#27;[0m                                                      &amp#27;[90m# steps.MainSteps.procedoAlCheckout()&amp#27;[0m
  &amp#27;[36mAnd &amp#27;[0m&amp#27;[36mingreso mis credenciales de usuario desde el archivo properties&amp#27;[0m           &amp#27;[90m# steps.MainSteps.ingresoMisCredencialesDeUsuarioDesdeElArchivoDeProperties()&amp#27;[0m
  &amp#27;[36mAnd &amp#27;[0m&amp#27;[36mcontinuo con los datos de pago ingresados en cuenta&amp#27;[0m                       &amp#27;[90m# steps.MainSteps.continuoConLosDatosDePagoIngresadosEnCuenta()&amp#27;[0m
  &amp#27;[36mThen &amp#27;[0m&amp#27;[36mcontinuo con los datos de despacho ingresados en cuenta&amp#27;[0m                  &amp#27;[90m# steps.MainSteps.continuoConLosDatosDeDespachoIngresadosEnCuenta()&amp#27;[0m
  &amp#27;[36mAnd &amp#27;[0m&amp#27;[36mvalido que el despacho y costo sea Flat Shipping Rate - $5.00 y continuo&amp#27;[0m  &amp#27;[90m# steps.MainSteps.validoQueElDespachoYCostoSea()&amp#27;[0m
  &amp#27;[36mThen &amp#27;[0m&amp#27;[36macepto los terminos y condiciones de compra y continuo a confirmar orden&amp#27;[0m &amp#27;[90m# steps.MainSteps.aceptoLosTerminosYCondicionesDeCompraYContinuoAConfirmarOrden()&amp#27;[0m
  &amp#27;[36mAnd &amp#27;[0m&amp#27;[36mconfirmo la orden de compra&amp#27;[0m                                               &amp#27;[90m# steps.MainSteps.confirmoLaOrdenDeCompra()&amp#27;[0m
  &amp#27;[36mThen &amp#27;[0m&amp#27;[36mvalido que el mensaje de confirmacion sea Your order has been placed!&amp#27;[0m    &amp#27;[90m# steps.MainSteps.validoQueElMensajeDeConfirmacionSea()&amp#27;[0m
  &amp#27;[36mAnd &amp#27;[0m&amp#27;[36mvoy al apartado de My Account y entro en Order History&amp#27;[0m                    &amp#27;[90m# steps.MainSteps.voyAlApartadoDeMyAccountYEntroEnOrderHistory()&amp#27;[0m
  &amp#27;[36mThen &amp#27;[0m&amp#27;[36mvalido que el pedido este en estado Pending&amp#27;[0m                              &amp#27;[90m# steps.MainSteps.validoQueElPedidoEsteEnEstado()&amp#27;[0m
  &amp#27;[36mAnd &amp#27;[0m&amp#27;[36mvalido los datos de pago vs los ingresados en mi cuenta&amp#27;[0m                   &amp#27;[90m# steps.MainSteps.validoLosDatosDePagoVsLosIngresadosEnMiCuenta()&amp#27;[0m
  &amp#27;[36mThen &amp#27;[0m&amp#27;[36mcierro la sesion&amp#27;[0m                                                         &amp#27;[90m# steps.MainSteps.cierroLaSesion()&amp#27;[0m
]]></system-out>
    <system-err><![CDATA[may. 27, 2025 10:24:38 P. M. org.openqa.selenium.devtools.CdpVersionFinder findNearestMatch
ADVERTENCIA: Unable to find CDP implementation matching 136
may. 27, 2025 10:24:38 P. M. org.openqa.selenium.chromium.ChromiumDriver lambda$new$5
ADVERTENCIA: Unable to find version of CDP to use for 136.0.3240.92. You may need to include a dependency on a specific version of the CDP using something similar to `org.seleniumhq.selenium:selenium-devtools-v86:4.20.0` where the version ("v86") matches the version of the chromium-based browser you're using and the version number of the artifact is the same as Selenium's.
]]></system-err>
  </testcase>
  <testcase name="Comparacion de productos" classname="Main Feature" time="7.124">
    <error message="no such window: target window already closed&#10;from unknown error: web view not found&#10;  (Session info: MicrosoftEdge=136.0.3240.92)&#10;Build info: version: &apos;4.20.0&apos;, revision: &apos;866c76ca80&apos;&#10;System info: os.name: &apos;Windows 11&apos;, os.arch: &apos;amd64&apos;, os.version: &apos;10.0&apos;, java.version: &apos;17.0.13&apos;&#10;Driver info: org.openqa.selenium.edge.EdgeDriver&#10;Command: [7632a3970e2eeb8ed324997de03ac78a, screenshot {}]&#10;Capabilities {acceptInsecureCerts: false, browserName: MicrosoftEdge, browserVersion: 136.0.3240.92, fedcm:accounts: true, ms:edgeOptions: {debuggerAddress: localhost:49200}, msedge: {msedgedriverVersion: 136.0.3240.92 (a30c59ee983a..., userDataDir: C:\Users\metal\AppData\Loca...}, networkConnectionEnabled: false, pageLoadStrategy: normal, platformName: windows, proxy: Proxy(), se:cdp: ws://localhost:49200/devtoo..., se:cdpVersion: 136.0.3240.92, setWindowRect: true, strictFileInteractability: false, timeouts: {implicit: 0, pageLoad: 300000, script: 30000}, unhandledPromptBehavior: dismiss and notify, webauthn:extension:credBlob: true, webauthn:extension:largeBlob: true, webauthn:extension:minPinLength: true, webauthn:extension:prf: true, webauthn:virtualAuthenticators: true}&#10;Session ID: 7632a3970e2eeb8ed324997de03ac78a" type="org.openqa.selenium.NoSuchWindowException"><![CDATA[org.openqa.selenium.NoSuchWindowException: 
no such window: target window already closed
from unknown error: web view not found
  (Session info: MicrosoftEdge=136.0.3240.92)
Build info: version: '4.20.0', revision: '866c76ca80'
System info: os.name: 'Windows 11', os.arch: 'amd64', os.version: '10.0', java.version: '17.0.13'
Driver info: org.openqa.selenium.edge.EdgeDriver
Command: [7632a3970e2eeb8ed324997de03ac78a, screenshot {}]
Capabilities {acceptInsecureCerts: false, browserName: MicrosoftEdge, browserVersion: 136.0.3240.92, fedcm:accounts: true, ms:edgeOptions: {debuggerAddress: localhost:49200}, msedge: {msedgedriverVersion: 136.0.3240.92 (a30c59ee983a..., userDataDir: C:\Users\metal\AppData\Loca...}, networkConnectionEnabled: false, pageLoadStrategy: normal, platformName: windows, proxy: Proxy(), se:cdp: ws://localhost:49200/devtoo..., se:cdpVersion: 136.0.3240.92, setWindowRect: true, strictFileInteractability: false, timeouts: {implicit: 0, pageLoad: 300000, script: 30000}, unhandledPromptBehavior: dismiss and notify, webauthn:extension:credBlob: true, webauthn:extension:largeBlob: true, webauthn:extension:minPinLength: true, webauthn:extension:prf: true, webauthn:virtualAuthenticators: true}
Session ID: 7632a3970e2eeb8ed324997de03ac78a
	at java.base/jdk.internal.reflect.NativeConstructorAccessorImpl.newInstance0(Native Method)
	at java.base/jdk.internal.reflect.NativeConstructorAccessorImpl.newInstance(NativeConstructorAccessorImpl.java:77)
	at java.base/jdk.internal.reflect.DelegatingConstructorAccessorImpl.newInstance(DelegatingConstructorAccessorImpl.java:45)
	at java.base/java.lang.reflect.Constructor.newInstanceWithCaller(Constructor.java:500)
	at java.base/java.lang.reflect.Constructor.newInstance(Constructor.java:481)
	at org.openqa.selenium.remote.ErrorCodec.decode(ErrorCodec.java:167)
	at org.openqa.selenium.remote.codec.w3c.W3CHttpResponseCodec.decode(W3CHttpResponseCodec.java:138)
	at org.openqa.selenium.remote.codec.w3c.W3CHttpResponseCodec.decode(W3CHttpResponseCodec.java:50)
	at org.openqa.selenium.remote.HttpCommandExecutor.execute(HttpCommandExecutor.java:190)
	at org.openqa.selenium.remote.service.DriverCommandExecutor.invokeExecute(DriverCommandExecutor.java:216)
	at org.openqa.selenium.remote.service.DriverCommandExecutor.execute(DriverCommandExecutor.java:174)
	at org.openqa.selenium.remote.RemoteWebDriver.execute(RemoteWebDriver.java:518)
	at org.openqa.selenium.remote.RemoteWebDriver.execute(RemoteWebDriver.java:591)
	at org.openqa.selenium.remote.RemoteWebDriver.execute(RemoteWebDriver.java:595)
	at org.openqa.selenium.remote.RemoteWebDriver.getScreenshotAs(RemoteWebDriver.java:321)
	at utils.ScreenshotUtil.takeScreenshot(ScreenshotUtil.java:16)
	at steps.MainSteps.afterStep(MainSteps.java:68)
]]></error>
    <system-out><![CDATA[
@Full
Scenario: Comparacion de productos                                                      &amp#27;[90m# src/test/resources/features/Main.feature:46&amp#27;[0m
  &amp#27;[32mGiven &amp#27;[0m&amp#27;[32mentro a la url de la tienda&amp#27;[0m                                                     &amp#27;[90m# steps.MainSteps.entroAlaUrlDeGoogle()&amp#27;[0m
      &amp#27;[31morg.openqa.selenium.NoSuchWindowException: no such window: target window already closed
from unknown error: web view not found
  (Session info: MicrosoftEdge=136.0.3240.92)
Build info: version: '4.20.0', revision: '866c76ca80'
System info: os.name: 'Windows 11', os.arch: 'amd64', os.version: '10.0', java.version: '17.0.13'
Driver info: org.openqa.selenium.edge.EdgeDriver
Command: [7632a3970e2eeb8ed324997de03ac78a, screenshot {}]
Capabilities {acceptInsecureCerts: false, browserName: MicrosoftEdge, browserVersion: 136.0.3240.92, fedcm:accounts: true, ms:edgeOptions: {debuggerAddress: localhost:49200}, msedge: {msedgedriverVersion: 136.0.3240.92 (a30c59ee983a..., userDataDir: C:\Users\metal\AppData\Loca...}, networkConnectionEnabled: false, pageLoadStrategy: normal, platformName: windows, proxy: Proxy(), se:cdp: ws://localhost:49200/devtoo..., se:cdpVersion: 136.0.3240.92, setWindowRect: true, strictFileInteractability: false, timeouts: {implicit: 0, pageLoad: 300000, script: 30000}, unhandledPromptBehavior: dismiss and notify, webauthn:extension:credBlob: true, webauthn:extension:largeBlob: true, webauthn:extension:minPinLength: true, webauthn:extension:prf: true, webauthn:virtualAuthenticators: true}
Session ID: 7632a3970e2eeb8ed324997de03ac78a
	at java.base/jdk.internal.reflect.NativeConstructorAccessorImpl.newInstance0(Native Method)
	at java.base/jdk.internal.reflect.NativeConstructorAccessorImpl.newInstance(NativeConstructorAccessorImpl.java:77)
	at java.base/jdk.internal.reflect.DelegatingConstructorAccessorImpl.newInstance(DelegatingConstructorAccessorImpl.java:45)
	at java.base/java.lang.reflect.Constructor.newInstanceWithCaller(Constructor.java:500)
	at java.base/java.lang.reflect.Constructor.newInstance(Constructor.java:481)
	at org.openqa.selenium.remote.ErrorCodec.decode(ErrorCodec.java:167)
	at org.openqa.selenium.remote.codec.w3c.W3CHttpResponseCodec.decode(W3CHttpResponseCodec.java:138)
	at org.openqa.selenium.remote.codec.w3c.W3CHttpResponseCodec.decode(W3CHttpResponseCodec.java:50)
	at org.openqa.selenium.remote.HttpCommandExecutor.execute(HttpCommandExecutor.java:190)
	at org.openqa.selenium.remote.service.DriverCommandExecutor.invokeExecute(DriverCommandExecutor.java:216)
	at org.openqa.selenium.remote.service.DriverCommandExecutor.execute(DriverCommandExecutor.java:174)
	at org.openqa.selenium.remote.RemoteWebDriver.execute(RemoteWebDriver.java:518)
	at org.openqa.selenium.remote.RemoteWebDriver.execute(RemoteWebDriver.java:591)
	at org.openqa.selenium.remote.RemoteWebDriver.execute(RemoteWebDriver.java:595)
	at org.openqa.selenium.remote.RemoteWebDriver.getScreenshotAs(RemoteWebDriver.java:321)
	at utils.ScreenshotUtil.takeScreenshot(ScreenshotUtil.java:16)
	at steps.MainSteps.afterStep(MainSteps.java:68)
&amp#27;[0m
  &amp#27;[36mWhen &amp#27;[0m&amp#27;[36mbusco el producto &amp#27;[0m&amp#27;[36m&amp#27;[1m'Apple Cinema 30"'&amp#27;[0m&amp#27;[36m y lo agrego a comparacion&amp#27;[0m                   &amp#27;[90m# steps.MainSteps.buscoElProductoYLoAgregoAComparacion(java.lang.String)&amp#27;[0m
  &amp#27;[36mWhen &amp#27;[0m&amp#27;[36mbusco el producto &amp#27;[0m&amp#27;[36m&amp#27;[1m'Samsung SyncMaster 941BW'&amp#27;[0m&amp#27;[36m y lo agrego a comparacion&amp#27;[0m           &amp#27;[90m# steps.MainSteps.buscoElProductoYLoAgregoAComparacion(java.lang.String)&amp#27;[0m
  &amp#27;[36mThen &amp#27;[0m&amp#27;[36mentro al apartado de Product Comparison&amp#27;[0m                                          &amp#27;[90m# steps.MainSteps.entroAlApartadoDeProductComparison()&amp#27;[0m
  &amp#27;[36mThen &amp#27;[0m&amp#27;[36mvalido que los productos comparados sean Apple Cinema y Samsung SyncMaster 941BW&amp#27;[0m &amp#27;[90m# steps.MainSteps.valido_que_los_productos_comparados_sean_apple_cinema_y_samsung_sync_master_941bw()&amp#27;[0m
]]></system-out>
    <system-err><![CDATA[may. 27, 2025 10:24:44 P. M. org.openqa.selenium.devtools.CdpVersionFinder findNearestMatch
ADVERTENCIA: Unable to find CDP implementation matching 136
may. 27, 2025 10:24:44 P. M. org.openqa.selenium.chromium.ChromiumDriver lambda$new$5
ADVERTENCIA: Unable to find version of CDP to use for 136.0.3240.92. You may need to include a dependency on a specific version of the CDP using something similar to `org.seleniumhq.selenium:selenium-devtools-v86:4.20.0` where the version ("v86") matches the version of the chromium-based browser you're using and the version number of the artifact is the same as Selenium's.
]]></system-err>
  </testcase>
  <testcase name="Agregando 2 productos y validaciones" classname="Main Feature" time="10.31">
    <error message="no such window: target window already closed&#10;from unknown error: web view not found&#10;  (Session info: MicrosoftEdge=136.0.3240.92)&#10;Build info: version: &apos;4.20.0&apos;, revision: &apos;866c76ca80&apos;&#10;System info: os.name: &apos;Windows 11&apos;, os.arch: &apos;amd64&apos;, os.version: &apos;10.0&apos;, java.version: &apos;17.0.13&apos;&#10;Driver info: org.openqa.selenium.edge.EdgeDriver&#10;Command: [6521c68d19590ed93d95a1a9098d9092, screenshot {}]&#10;Capabilities {acceptInsecureCerts: false, browserName: MicrosoftEdge, browserVersion: 136.0.3240.92, fedcm:accounts: true, ms:edgeOptions: {debuggerAddress: localhost:49238}, msedge: {msedgedriverVersion: 136.0.3240.92 (a30c59ee983a..., userDataDir: C:\Users\metal\AppData\Loca...}, networkConnectionEnabled: false, pageLoadStrategy: normal, platformName: windows, proxy: Proxy(), se:cdp: ws://localhost:49238/devtoo..., se:cdpVersion: 136.0.3240.92, setWindowRect: true, strictFileInteractability: false, timeouts: {implicit: 0, pageLoad: 300000, script: 30000}, unhandledPromptBehavior: dismiss and notify, webauthn:extension:credBlob: true, webauthn:extension:largeBlob: true, webauthn:extension:minPinLength: true, webauthn:extension:prf: true, webauthn:virtualAuthenticators: true}&#10;Session ID: 6521c68d19590ed93d95a1a9098d9092" type="org.openqa.selenium.NoSuchWindowException"><![CDATA[org.openqa.selenium.NoSuchWindowException: 
no such window: target window already closed
from unknown error: web view not found
  (Session info: MicrosoftEdge=136.0.3240.92)
Build info: version: '4.20.0', revision: '866c76ca80'
System info: os.name: 'Windows 11', os.arch: 'amd64', os.version: '10.0', java.version: '17.0.13'
Driver info: org.openqa.selenium.edge.EdgeDriver
Command: [6521c68d19590ed93d95a1a9098d9092, screenshot {}]
Capabilities {acceptInsecureCerts: false, browserName: MicrosoftEdge, browserVersion: 136.0.3240.92, fedcm:accounts: true, ms:edgeOptions: {debuggerAddress: localhost:49238}, msedge: {msedgedriverVersion: 136.0.3240.92 (a30c59ee983a..., userDataDir: C:\Users\metal\AppData\Loca...}, networkConnectionEnabled: false, pageLoadStrategy: normal, platformName: windows, proxy: Proxy(), se:cdp: ws://localhost:49238/devtoo..., se:cdpVersion: 136.0.3240.92, setWindowRect: true, strictFileInteractability: false, timeouts: {implicit: 0, pageLoad: 300000, script: 30000}, unhandledPromptBehavior: dismiss and notify, webauthn:extension:credBlob: true, webauthn:extension:largeBlob: true, webauthn:extension:minPinLength: true, webauthn:extension:prf: true, webauthn:virtualAuthenticators: true}
Session ID: 6521c68d19590ed93d95a1a9098d9092
	at java.base/jdk.internal.reflect.NativeConstructorAccessorImpl.newInstance0(Native Method)
	at java.base/jdk.internal.reflect.NativeConstructorAccessorImpl.newInstance(NativeConstructorAccessorImpl.java:77)
	at java.base/jdk.internal.reflect.DelegatingConstructorAccessorImpl.newInstance(DelegatingConstructorAccessorImpl.java:45)
	at java.base/java.lang.reflect.Constructor.newInstanceWithCaller(Constructor.java:500)
	at java.base/java.lang.reflect.Constructor.newInstance(Constructor.java:481)
	at org.openqa.selenium.remote.ErrorCodec.decode(ErrorCodec.java:167)
	at org.openqa.selenium.remote.codec.w3c.W3CHttpResponseCodec.decode(W3CHttpResponseCodec.java:138)
	at org.openqa.selenium.remote.codec.w3c.W3CHttpResponseCodec.decode(W3CHttpResponseCodec.java:50)
	at org.openqa.selenium.remote.HttpCommandExecutor.execute(HttpCommandExecutor.java:190)
	at org.openqa.selenium.remote.service.DriverCommandExecutor.invokeExecute(DriverCommandExecutor.java:216)
	at org.openqa.selenium.remote.service.DriverCommandExecutor.execute(DriverCommandExecutor.java:174)
	at org.openqa.selenium.remote.RemoteWebDriver.execute(RemoteWebDriver.java:518)
	at org.openqa.selenium.remote.RemoteWebDriver.execute(RemoteWebDriver.java:591)
	at org.openqa.selenium.remote.RemoteWebDriver.execute(RemoteWebDriver.java:595)
	at org.openqa.selenium.remote.RemoteWebDriver.getScreenshotAs(RemoteWebDriver.java:321)
	at utils.ScreenshotUtil.takeScreenshot(ScreenshotUtil.java:16)
	at steps.MainSteps.afterStep(MainSteps.java:68)
]]></error>
    <system-out><![CDATA[
@Full
Scenario: Agregando 2 productos y validaciones                        &amp#27;[90m# src/test/resources/features/Main.feature:53&amp#27;[0m
  &amp#27;[32mGiven &amp#27;[0m&amp#27;[32mentro a la url de la tienda&amp#27;[0m                                   &amp#27;[90m# steps.MainSteps.entroAlaUrlDeGoogle()&amp#27;[0m
      &amp#27;[31morg.openqa.selenium.NoSuchWindowException: no such window: target window already closed
from unknown error: web view not found
  (Session info: MicrosoftEdge=136.0.3240.92)
Build info: version: '4.20.0', revision: '866c76ca80'
System info: os.name: 'Windows 11', os.arch: 'amd64', os.version: '10.0', java.version: '17.0.13'
Driver info: org.openqa.selenium.edge.EdgeDriver
Command: [6521c68d19590ed93d95a1a9098d9092, screenshot {}]
Capabilities {acceptInsecureCerts: false, browserName: MicrosoftEdge, browserVersion: 136.0.3240.92, fedcm:accounts: true, ms:edgeOptions: {debuggerAddress: localhost:49238}, msedge: {msedgedriverVersion: 136.0.3240.92 (a30c59ee983a..., userDataDir: C:\Users\metal\AppData\Loca...}, networkConnectionEnabled: false, pageLoadStrategy: normal, platformName: windows, proxy: Proxy(), se:cdp: ws://localhost:49238/devtoo..., se:cdpVersion: 136.0.3240.92, setWindowRect: true, strictFileInteractability: false, timeouts: {implicit: 0, pageLoad: 300000, script: 30000}, unhandledPromptBehavior: dismiss and notify, webauthn:extension:credBlob: true, webauthn:extension:largeBlob: true, webauthn:extension:minPinLength: true, webauthn:extension:prf: true, webauthn:virtualAuthenticators: true}
Session ID: 6521c68d19590ed93d95a1a9098d9092
	at java.base/jdk.internal.reflect.NativeConstructorAccessorImpl.newInstance0(Native Method)
	at java.base/jdk.internal.reflect.NativeConstructorAccessorImpl.newInstance(NativeConstructorAccessorImpl.java:77)
	at java.base/jdk.internal.reflect.DelegatingConstructorAccessorImpl.newInstance(DelegatingConstructorAccessorImpl.java:45)
	at java.base/java.lang.reflect.Constructor.newInstanceWithCaller(Constructor.java:500)
	at java.base/java.lang.reflect.Constructor.newInstance(Constructor.java:481)
	at org.openqa.selenium.remote.ErrorCodec.decode(ErrorCodec.java:167)
	at org.openqa.selenium.remote.codec.w3c.W3CHttpResponseCodec.decode(W3CHttpResponseCodec.java:138)
	at org.openqa.selenium.remote.codec.w3c.W3CHttpResponseCodec.decode(W3CHttpResponseCodec.java:50)
	at org.openqa.selenium.remote.HttpCommandExecutor.execute(HttpCommandExecutor.java:190)
	at org.openqa.selenium.remote.service.DriverCommandExecutor.invokeExecute(DriverCommandExecutor.java:216)
	at org.openqa.selenium.remote.service.DriverCommandExecutor.execute(DriverCommandExecutor.java:174)
	at org.openqa.selenium.remote.RemoteWebDriver.execute(RemoteWebDriver.java:518)
	at org.openqa.selenium.remote.RemoteWebDriver.execute(RemoteWebDriver.java:591)
	at org.openqa.selenium.remote.RemoteWebDriver.execute(RemoteWebDriver.java:595)
	at org.openqa.selenium.remote.RemoteWebDriver.getScreenshotAs(RemoteWebDriver.java:321)
	at utils.ScreenshotUtil.takeScreenshot(ScreenshotUtil.java:16)
	at steps.MainSteps.afterStep(MainSteps.java:68)
&amp#27;[0m
  &amp#27;[36mWhen &amp#27;[0m&amp#27;[36mbusco el producto &amp#27;[0m&amp#27;[36m&amp#27;[1m"HP LP3065"&amp#27;[0m&amp#27;[36m y lo agrego al carrito&amp#27;[0m           &amp#27;[90m# steps.MainSteps.buscoElProductoYLoAgregoAlCarrito(java.lang.String)&amp#27;[0m
  &amp#27;[36mThen &amp#27;[0m&amp#27;[36mselecciono el delivery date para manana&amp#27;[0m                        &amp#27;[90m# steps.MainSteps.seleccionoElDeliveryDateParaManana()&amp#27;[0m
  &amp#27;[36mAnd &amp#27;[0m&amp#27;[36mcoloco la cantidad 2 y lo agrego al carrito&amp#27;[0m                     &amp#27;[90m# steps.MainSteps.colocoLaCantidad2YLoAgregoAlCarrito()&amp#27;[0m
  &amp#27;[36mThen &amp#27;[0m&amp#27;[36mvalido que la memoria del equipo sea 16GB&amp#27;[0m                      &amp#27;[90m# steps.MainSteps.validoQueLaMemoriaDelEquipoSea()&amp#27;[0m
  &amp#27;[36mThen &amp#27;[0m&amp#27;[36mingreso a la seccion reviews e ingreso un mensaje &amp#27;[0m&amp#27;[36m&amp#27;[1m"incorrecto"&amp#27;[0m &amp#27;[90m# steps.MainSteps.ingresoAlaSeccionReviewsEIngresoUnMensaje(java.lang.String)&amp#27;[0m
  &amp#27;[36mThen &amp#27;[0m&amp#27;[36mingreso a la seccion reviews e ingreso un mensaje &amp#27;[0m&amp#27;[36m&amp#27;[1m"correcto"&amp#27;[0m   &amp#27;[90m# steps.MainSteps.ingresoAlaSeccionReviewsEIngresoUnMensaje(java.lang.String)&amp#27;[0m
]]></system-out>
    <system-err><![CDATA[may. 27, 2025 10:24:51 P. M. org.openqa.selenium.devtools.CdpVersionFinder findNearestMatch
ADVERTENCIA: Unable to find CDP implementation matching 136
may. 27, 2025 10:24:51 P. M. org.openqa.selenium.chromium.ChromiumDriver lambda$new$5
ADVERTENCIA: Unable to find version of CDP to use for 136.0.3240.92. You may need to include a dependency on a specific version of the CDP using something similar to `org.seleniumhq.selenium:selenium-devtools-v86:4.20.0` where the version ("v86") matches the version of the chromium-based browser you're using and the version number of the artifact is the same as Selenium's.
]]></system-err>
  </testcase>
</testsuite>